<?xml version="1.0"?>
<!--
    Copyright (c) 2007, 2009 David Green and others.
    All rights reserved. This program and the accompanying materials
    are made available under the terms of the Eclipse Public License v2.0
    which accompanies this distribution, and is available at
    https://www.eclipse.org/legal/epl-2.0/
    
    SPDX-License-Identifier: EPL-2.0
    
    Contributors:
        David Green - initial API and implementation
 -->
<!--
A plugin.xml used for testing with org.eclipse.mylyn.internal.wikitext.core.validation.StandaloneMarkupValidatorTest
-->
<plugin>
 <extension
       point="org.eclipse.mylyn.wikitext.ui.markupValidationRule">
    <rule
          class="org.eclipse.mylyn.wikitext.validation.tests.TestMarkupValidationRule"
          markupLanguage="TestMarkupLanguage">
    </rule>
 </extension>	
</plugin>
